* using log directory ‘/Users/niclaslovsjo/Desktop/Kurser/R.programming/labbar/lab4bis/lab4bis.Rcheck’
* using R version 3.2.2 (2015-08-14)
* using platform: x86_64-apple-darwin13.4.0 (64-bit)
* using session charset: UTF-8
* using option ‘--as-cran’
* checking for file ‘lab4bis/DESCRIPTION’ ... OK
* checking extension type ... Package
* this is package ‘lab4bis’ version ‘1.0’
* checking package namespace information ... OK
* checking package dependencies ... OK
* checking if this is a source package ... OK
* checking if there is a namespace ... OK
* checking for executable files ... OK
* checking for hidden files and directories ... OK
* checking for portable file names ... OK
* checking for sufficient/correct file permissions ... OK
* checking whether package ‘lab4bis’ can be installed ... OK
* checking installed package size ... OK
* checking package directory ... OK
* checking ‘build’ directory ... OK
* checking DESCRIPTION meta-information ... OK
* checking top-level files ... NOTE
Non-standard file/directory found at top level:
  ‘kommun.xlsx’
* checking for left-over files ... OK
* checking index information ... OK
* checking package subdirectories ... OK
* checking R files for non-ASCII characters ... WARNING
Found the following files with non-ASCII characters:
  Functions.R
  visualize_airport_delays.R
Portable packages must use only ASCII characters in their R code,
except perhaps in comments.
Use \uxxxx escapes for other characters.
* checking R files for syntax errors ... OK
* checking whether the package can be loaded ... OK
* checking whether the package can be loaded with stated dependencies ... OK
* checking whether the package can be unloaded cleanly ... OK
* checking whether the namespace can be loaded with stated dependencies ... OK
* checking whether the namespace can be unloaded cleanly ... OK
* checking dependencies in R code ... WARNING
'::' or ':::' import not declared from: ‘dplyr’
* checking S3 generic/method consistency ... WARNING
pred:
  function(result, ...)
pred.linreg:
  function(result, x)

predict:
  function(result, ...)
predict.ridgereg:
  function(result, newdata)

print:
  function(x, ...)
print.linreg:
  function(X)

print:
  function(x, ...)
print.ridgereg:
  function(X)

coef:
  function(object, ...)
coef.linreg:
  function(result)

coef:
  function(object, ...)
coef.ridgereg:
  function(result)

See section ‘Generic functions and methods’ in the ‘Writing R
Extensions’ manual.

Found the following apparent S3 methods exported but not registered:
  coef.linreg coef.ridgereg plot.linreg pred.linreg predict.ridgereg
  print.linreg print.ridgereg resid.linreg
See section ‘Registering S3 methods’ in the ‘Writing R Extensions’
manual.
* checking replacement functions ... OK
* checking foreign function calls ... OK
* checking R code for possible problems ... NOTE
QR_decomp: no visible binding for global variable ‘beta_hat’
plot.linreg: no visible global function definition for ‘ggplot’
plot.linreg: no visible global function definition for ‘aes’
plot.linreg: no visible global function definition for ‘geom_point’
plot.linreg: no visible global function definition for ‘geom_text’
plot.linreg: no visible global function definition for
  ‘scale_colour_gradientn’
plot.linreg: no visible global function definition for ‘scale_shape’
plot.linreg: no visible global function definition for ‘theme_light’
plot.linreg: no visible global function definition for ‘stat_smooth’
plot.linreg: no visible global function definition for ‘labs’
plot.linreg: no visible global function definition for ‘arrangeGrob’
plot.linreg: no visible global function definition for ‘grid.arrange’
visualize_airport_delays: no visible binding for global variable
  ‘flights’
visualize_airport_delays: no visible binding for global variable
  ‘airports’
visualize_airport_delays: no visible binding for global variable ‘lat’
visualize_airport_delays: no visible binding for global variable ‘lon’
visualize_airport_delays: no visible binding for global variable
  ‘scaled’
visualize_airport_delays: no visible binding for global variable
  ‘sized’
visualize_airport_delays: no visible global function definition for
  ‘get_map’
visualize_airport_delays: no visible global function definition for
  ‘ggmap’
visualize_airport_delays: no visible global function definition for
  ‘geom_point’
visualize_airport_delays: no visible global function definition for
  ‘aes’
visualize_airport_delays: no visible global function definition for
  ‘scale_colour_manual’
visualize_airport_delays: no visible global function definition for
  ‘scale_size_manual’
visualize_airport_delays: no visible global function definition for
  ‘labs’
visualize_airport_delays: no visible global function definition for
  ‘ggtitle’
visualize_airport_delays: no visible global function definition for
  ‘theme_bw’
visualize_airport_delays: no visible global function definition for
  ‘theme’
visualize_airport_delays: no visible global function definition for
  ‘element_blank’
visualize_airport_delays: no visible global function definition for
  ‘element_text’
visualize_airport_delays: no visible global function definition for
  ‘rel’

Found the following calls to data() loading into the global environment:
File ‘lab4bis/R/visualize_airport_delays.R’:
  data("airports")
  data("flights")
See section ‘Good practice’ in ‘?data’.
* checking Rd files ... WARNING
linreg.Rd: non-ASCII input and no declared encoding
q.Rd: non-ASCII input and no declared encoding
ridgereg.Rd: non-ASCII input and no declared encoding
visualize_airport_delays.Rd: non-ASCII input and no declared encoding
problems found in ‘linreg.Rd’, ‘q.Rd’, ‘ridgereg.Rd’, ‘visualize_airport_delays.Rd’
* checking Rd metadata ... OK
* checking Rd line widths ... OK
* checking Rd cross-references ... WARNING
Unknown package ‘<pkg>’ in Rd xrefs
* checking for missing documentation entries ... WARNING
Undocumented code objects:
  ‘QR_decomp’ ‘chara’ ‘data’ ‘kom1’ ‘kommun’ ‘kommun1’ ‘laan1’ ‘lan1’
  ‘lan_func’ ‘nam’ ‘num’ ‘para’ ‘party1’ ‘plot.linreg’ ‘pred.linreg’
  ‘predict.ridgereg’ ‘resid.linreg’ ‘theData’
All user-level objects in a package should have documentation entries.
See chapter ‘Writing R documentation files’ in the ‘Writing R
Extensions’ manual.
* checking for code/documentation mismatches ... OK
* checking Rd \usage sections ... WARNING
Undocumented arguments in documentation object 'coef.linreg'
  ‘result’
Documented arguments not in \usage in documentation object 'coef.linreg':
  ‘what’

Undocumented arguments in documentation object 'coef.ridgereg'
  ‘result’
Documented arguments not in \usage in documentation object 'coef.ridgereg':
  ‘what’

Undocumented arguments in documentation object 'linreg'
  ‘formula’ ‘data’
Documented arguments not in \usage in documentation object 'linreg':
  ‘a’

Undocumented arguments in documentation object 'pred'
  ‘result’ ‘...’
Documented arguments not in \usage in documentation object 'pred':
  ‘what’

Undocumented arguments in documentation object 'predict'
  ‘result’ ‘...’
Documented arguments not in \usage in documentation object 'predict':
  ‘what’

Undocumented arguments in documentation object 'print ridge'
  ‘X’
Documented arguments not in \usage in documentation object 'print ridge':
  ‘what’

Undocumented arguments in documentation object 'print.linreg'
  ‘X’
Documented arguments not in \usage in documentation object 'print.linreg':
  ‘what’

Documented arguments not in \usage in documentation object 'q':
  ‘No’

Undocumented arguments in documentation object 'resid'
  ‘X’
Documented arguments not in \usage in documentation object 'resid':
  ‘what’

Documented arguments not in \usage in documentation object 'ridgereg':
  ‘lambda’ ‘a’

Functions with \usage entries need to have the appropriate \alias
entries, and all their arguments documented.
The \usage entries must correspond to syntactically valid R code.
See chapter ‘Writing R documentation files’ in the ‘Writing R
Extensions’ manual.
* checking Rd contents ... OK
* checking for unstated dependencies in examples ... WARNING
Warning: parse error in file 'lab4bis-Ex.R':
20:11: unexpected symbol
19: 
20: ~~ simple examples
              ^
* checking installed files from ‘inst/doc’ ... OK
* checking files in ‘vignettes’ ... OK
* checking examples ... ERROR
Running examples in ‘lab4bis-Ex.R’ failed
The error most likely occurred in:

> base::assign(".ptime", proc.time(), pos = "CheckExEnv")
> ### Name: lab4bis-package
> ### Title: Linear regression
> ### Aliases: lab4bis-package lab4bis
> ### Keywords: package
> 
> ### ** Examples
> 
> ~~ simple examples of the most important functions ~~
Error: unexpected symbol in "~~ simple examples"
Execution halted
* checking for unstated dependencies in ‘tests’ ... OK
* checking tests ... ERROR
Running the tests in ‘tests/testthat.R’ failed.
Last 13 lines of output:
  4: In if (result$passed) { :
    the condition has length > 1 and only the first element will be used
  5: In if (result$passed) { :
    the condition has length > 1 and only the first element will be used
  6: In if (result$passed) { :
    the condition has length > 1 and only the first element will be used
  7: In if (result$passed) { :
    the condition has length > 1 and only the first element will be used
  8: In if (result$passed) { :
    the condition has length > 1 and only the first element will be used
  9: In if (result$passed) { :
    the condition has length > 1 and only the first element will be used
  Execution halted
* checking for unstated dependencies in vignettes ... NOTE
'library' or 'require' calls not declared from:
  ‘ggplot2’ ‘gridExtra’
* checking package vignettes in ‘inst/doc’ ... OK
* checking running R code from vignettes ... OK
* checking re-building of vignette outputs ... OK
* checking PDF version of manual ... WARNING
LaTeX errors when creating PDF version.
This typically indicates Rd problems.
LaTeX errors found:
! Package inputenc Error: Unicode char \u8:ﬂ not set up for use with LaTeX.

See the inputenc package documentation for explanation.
Type  H <return>  for immediate help.
 ...                                              
* checking PDF version of manual without hyperrefs or index ... ERROR
* DONE
Status: 3 ERRORs, 9 WARNINGs, 3 NOTEs
